2018-10-09 04:10:43,614 INFO osmnet Requesting network data within bounding box from Overpass API in 20 request(s)
2018-10-09 04:10:43,614 INFO osmnet Posting to http://www.overpass-api.de/api/interpreter with timeout=180, "{'data': '[out:json][timeout:180];(way["highway"]["highway"!~"motor|proposed|construction|abandoned|platform|raceway"]["foot"!~"no"]["pedestrians"!~"no"](36.89419600,-123.02460700,37.29094537,-122.56818792);>;);out;'}"
2018-10-09 04:10:44,462 INFO osmnet Downloaded 0.3KB from www.overpass-api.de in 0.85 seconds
2018-10-09 04:10:44,464 INFO osmnet Posting to http://www.overpass-api.de/api/interpreter with timeout=180, "{'data': '[out:json][timeout:180];(way["highway"]["highway"!~"motor|proposed|construction|abandoned|platform|raceway"]["foot"!~"no"]["pedestrians"!~"no"](37.29016027,-123.02460468,37.68766809,-122.56589827);>;);out;'}"
2018-10-09 04:10:45,003 INFO osmnet Downloaded 0.3KB from www.overpass-api.de in 0.54 seconds
2018-10-09 04:10:45,004 INFO osmnet Posting to http://www.overpass-api.de/api/interpreter with timeout=180, "{'data': '[out:json][timeout:180];(way["highway"]["highway"!~"motor|proposed|construction|abandoned|platform|raceway"]["foot"!~"no"]["pedestrians"!~"no"](37.68687169,-123.02460353,38.08436405,-122.56356327);>;);out;'}"
2018-10-09 04:10:46,835 INFO osmnet Downloaded 8,312.0KB from www.overpass-api.de in 1.83 seconds
2018-10-09 04:10:47,058 INFO osmnet Posting to http://www.overpass-api.de/api/interpreter with timeout=180, "{'data': '[out:json][timeout:180];(way["highway"]["highway"!~"motor|proposed|construction|abandoned|platform|raceway"]["foot"!~"no"]["pedestrians"!~"no"](38.08355624,-123.02460472,38.48103316,-122.56118196);>;);out;'}"
2018-10-09 04:10:49,527 INFO osmnet Downloaded 18,993.5KB from www.overpass-api.de in 2.47 seconds
2018-10-09 04:10:50,058 INFO osmnet Posting to http://www.overpass-api.de/api/interpreter with timeout=180, "{'data': '[out:json][timeout:180];(way["highway"]["highway"!~"motor|proposed|construction|abandoned|platform|raceway"]["foot"!~"no"]["pedestrians"!~"no"](38.48021382,-123.02460700,38.86662117,-122.55881654);>;);out;'}"
2018-10-09 04:10:53,322 INFO osmnet Downloaded 16,287.2KB from www.overpass-api.de in 3.26 seconds
2018-10-09 04:10:53,787 INFO osmnet Posting to http://www.overpass-api.de/api/interpreter with timeout=180, "{'data': '[out:json][timeout:180];(way["highway"]["highway"!~"motor|proposed|construction|abandoned|platform|raceway"]["foot"!~"no"]["pedestrians"!~"no"](38.47755722,-122.56118196,38.86745729,-122.09235656);>;);out;'}"
2018-10-09 04:10:56,180 INFO osmnet Downloaded 8,591.6KB from www.overpass-api.de in 2.39 seconds
2018-10-09 04:10:56,432 INFO osmnet Posting to http://www.overpass-api.de/api/interpreter with timeout=180, "{'data': '[out:json][timeout:180];(way["highway"]["highway"!~"motor|proposed|construction|abandoned|platform|raceway"]["foot"!~"no"]["pedestrians"!~"no"](38.47306400,-122.09726694,38.86745729,-121.62593445);>;);out;'}"
2018-10-09 04:10:59,925 INFO osmnet Downloaded 11,046.0KB from www.overpass-api.de in 3.49 seconds
2018-10-09 04:11:00,240 INFO osmnet Posting to http://www.overpass-api.de/api/interpreter with timeout=180, "{'data': '[out:json][timeout:180];(way["highway"]["highway"!~"motor|proposed|construction|abandoned|platform|raceway"]["foot"!~"no"]["pedestrians"!~"no"](38.46732948,-121.63343415,38.86643026,-121.20797200);>;);out;'}"
2018-10-09 04:11:16,430 INFO osmnet Downloaded 58,187.2KB from www.overpass-api.de in 16.19 seconds
2018-10-09 04:11:18,661 INFO osmnet Posting to http://www.overpass-api.de/api/interpreter with timeout=180, "{'data': '[out:json][timeout:180];(way["highway"]["highway"!~"motor|proposed|construction|abandoned|platform|raceway"]["foot"!~"no"]["pedestrians"!~"no"](38.07070632,-121.64084753,38.47306400,-121.20814249);>;);out;'}"
2018-10-09 04:11:24,727 INFO osmnet Downloaded 14,993.8KB from www.overpass-api.de in 6.07 seconds
2018-10-09 04:11:25,142 INFO osmnet Posting to http://www.overpass-api.de/api/interpreter with timeout=180, "{'data': '[out:json][timeout:180];(way["highway"]["highway"!~"motor|proposed|construction|abandoned|platform|raceway"]["foot"!~"no"]["pedestrians"!~"no"](37.67405762,-121.64811677,38.07650684,-121.20822373);>;);out;'}"
2018-10-09 04:11:40,681 INFO osmnet Downloaded 0.7KB from www.overpass-api.de in 15.54 seconds
2018-10-09 04:11:41,224 WARNING osmnet Server at www.overpass-api.de returned status code 429 and no JSON data. Re-trying request in 0.00 seconds.
2018-10-09 04:11:41,225 INFO osmnet Posting to http://www.overpass-api.de/api/interpreter with timeout=180, "{'data': '[out:json][timeout:180];(way["highway"]["highway"!~"motor|proposed|construction|abandoned|platform|raceway"]["foot"!~"no"]["pedestrians"!~"no"](37.67405762,-121.64811677,38.07650684,-121.20822373);>;);out;'}"
2018-10-09 04:11:56,503 INFO osmnet Downloaded 0.7KB from www.overpass-api.de in 15.28 seconds
2018-10-09 04:11:56,911 WARNING osmnet Server at www.overpass-api.de returned status code 429 and no JSON data. Re-trying request in 7.00 seconds.
2018-10-09 04:12:03,918 INFO osmnet Posting to http://www.overpass-api.de/api/interpreter with timeout=180, "{'data': '[out:json][timeout:180];(way["highway"]["highway"!~"motor|proposed|construction|abandoned|platform|raceway"]["foot"!~"no"]["pedestrians"!~"no"](37.67405762,-121.64811677,38.07650684,-121.20822373);>;);out;'}"
2018-10-09 04:12:08,752 INFO osmnet Downloaded 19,002.8KB from www.overpass-api.de in 4.83 seconds
2018-10-09 04:12:09,522 INFO osmnet Posting to http://www.overpass-api.de/api/interpreter with timeout=180, "{'data': '[out:json][timeout:180];(way["highway"]["highway"!~"motor|proposed|construction|abandoned|platform|raceway"]["foot"!~"no"]["pedestrians"!~"no"](37.27738350,-121.65524485,37.67992164,-121.20813634);>;);out;'}"
2018-10-09 04:12:12,364 INFO osmnet Downloaded 4,178.0KB from www.overpass-api.de in 2.84 seconds
2018-10-09 04:12:12,489 INFO osmnet Posting to http://www.overpass-api.de/api/interpreter with timeout=180, "{'data': '[out:json][timeout:180];(way["highway"]["highway"!~"motor|proposed|construction|abandoned|platform|raceway"]["foot"!~"no"]["pedestrians"!~"no"](36.89419600,-121.66205780,37.28330853,-121.20797200);>;);out;'}"
2018-10-09 04:12:16,943 INFO osmnet Downloaded 10,668.5KB from www.overpass-api.de in 4.45 seconds
2018-10-09 04:12:17,246 INFO osmnet Posting to http://www.overpass-api.de/api/interpreter with timeout=180, "{'data': '[out:json][timeout:180];(way["highway"]["highway"!~"motor|proposed|construction|abandoned|platform|raceway"]["foot"!~"no"]["pedestrians"!~"no"](36.89680012,-122.11621817,37.28761443,-121.65524485);>;);out;'}"
2018-10-09 04:12:31,665 INFO osmnet Downloaded 48,197.1KB from www.overpass-api.de in 14.42 seconds
2018-10-09 04:12:33,312 INFO osmnet Posting to http://www.overpass-api.de/api/interpreter with timeout=180, "{'data': '[out:json][timeout:180];(way["highway"]["highway"!~"motor|proposed|construction|abandoned|platform|raceway"]["foot"!~"no"]["pedestrians"!~"no"](36.89680039,-122.57041420,37.29016027,-122.11167777);>;);out;'}"
2018-10-09 04:12:36,562 INFO osmnet Downloaded 6,969.0KB from www.overpass-api.de in 3.25 seconds
2018-10-09 04:12:36,767 INFO osmnet Posting to http://www.overpass-api.de/api/interpreter with timeout=180, "{'data': '[out:json][timeout:180];(way["highway"]["highway"!~"motor|proposed|construction|abandoned|platform|raceway"]["foot"!~"no"]["pedestrians"!~"no"](38.08093695,-122.56356327,38.48021381,-122.09726694);>;);out;'}"
2018-10-09 04:12:42,974 INFO osmnet Downloaded 19,085.3KB from www.overpass-api.de in 6.21 seconds
2018-10-09 04:12:43,514 INFO osmnet Posting to http://www.overpass-api.de/api/interpreter with timeout=180, "{'data': '[out:json][timeout:180];(way["highway"]["highway"!~"motor|proposed|construction|abandoned|platform|raceway"]["foot"!~"no"]["pedestrians"!~"no"](37.68428932,-122.56589827,38.08355624,-122.10216515);>;);out;'}"
2018-10-09 04:12:59,419 INFO osmnet Downloaded 76,548.9KB from www.overpass-api.de in 15.91 seconds
2018-10-09 04:13:02,011 INFO osmnet Posting to http://www.overpass-api.de/api/interpreter with timeout=180, "{'data': '[out:json][timeout:180];(way["highway"]["highway"!~"motor|proposed|construction|abandoned|platform|raceway"]["foot"!~"no"]["pedestrians"!~"no"](38.07650684,-122.10216514,38.47755722,-121.63343416);>;);out;'}"
2018-10-09 04:13:05,814 INFO osmnet Downloaded 19,149.0KB from www.overpass-api.de in 3.80 seconds
2018-10-09 04:13:06,860 INFO osmnet Posting to http://www.overpass-api.de/api/interpreter with timeout=180, "{'data': '[out:json][timeout:180];(way["highway"]["highway"!~"motor|proposed|construction|abandoned|platform|raceway"]["foot"!~"no"]["pedestrians"!~"no"](37.67992164,-122.10696810,38.08093695,-121.64084754);>;);out;'}"
2018-10-09 04:13:24,961 INFO osmnet Downloaded 47,284.6KB from www.overpass-api.de in 18.10 seconds
2018-10-09 04:13:26,325 INFO osmnet Posting to http://www.overpass-api.de/api/interpreter with timeout=180, "{'data': '[out:json][timeout:180];(way["highway"]["highway"!~"motor|proposed|construction|abandoned|platform|raceway"]["foot"!~"no"]["pedestrians"!~"no"](37.28330853,-122.11167777,37.68428932,-121.64811677);>;);out;'}"
2018-10-09 04:13:49,139 INFO osmnet Downloaded 82,708.6KB from www.overpass-api.de in 22.81 seconds
2018-10-09 04:13:52,091 INFO osmnet Posting to http://www.overpass-api.de/api/interpreter with timeout=180, "{'data': '[out:json][timeout:180];(way["highway"]["highway"!~"motor|proposed|construction|abandoned|platform|raceway"]["foot"!~"no"]["pedestrians"!~"no"](37.28761444,-122.56818792,37.68687169,-122.10696810);>;);out;'}"
2018-10-09 04:14:07,972 INFO osmnet Downloaded 39,387.5KB from www.overpass-api.de in 15.88 seconds
2018-10-09 04:14:09,103 INFO osmnet Downloaded OSM network data within bounding box from Overpass API in 20 request(s) and 205.49 seconds
2018-10-09 04:16:51,315 INFO osmnet 132,883 duplicate records removed. Took 162.14 seconds
2018-10-09 04:17:24,345 INFO osmnet Returning OSM data with 3,571,033 nodes and 578,039 ways...
2018-10-09 04:19:15,376 INFO osmnet Requesting network data within bounding box from Overpass API in 20 request(s)
2018-10-09 04:19:15,377 INFO osmnet Posting to http://www.overpass-api.de/api/interpreter with timeout=180, "{'data': '[out:json][timeout:180];(way["highway"]["highway"!~"motor|proposed|construction|abandoned|platform|raceway"]["foot"!~"no"]["pedestrians"!~"no"](36.89419600,-123.02460700,37.29094537,-122.56818792);>;);out;'}"
2018-10-09 04:19:16,308 INFO osmnet Downloaded 0.3KB from www.overpass-api.de in 0.93 seconds
2018-10-09 04:19:16,309 INFO osmnet Posting to http://www.overpass-api.de/api/interpreter with timeout=180, "{'data': '[out:json][timeout:180];(way["highway"]["highway"!~"motor|proposed|construction|abandoned|platform|raceway"]["foot"!~"no"]["pedestrians"!~"no"](37.29016027,-123.02460468,37.68766809,-122.56589827);>;);out;'}"
2018-10-09 04:19:17,009 INFO osmnet Downloaded 0.3KB from www.overpass-api.de in 0.70 seconds
2018-10-09 04:19:17,010 INFO osmnet Posting to http://www.overpass-api.de/api/interpreter with timeout=180, "{'data': '[out:json][timeout:180];(way["highway"]["highway"!~"motor|proposed|construction|abandoned|platform|raceway"]["foot"!~"no"]["pedestrians"!~"no"](37.68687169,-123.02460353,38.08436405,-122.56356327);>;);out;'}"
2018-10-09 04:19:19,870 INFO osmnet Downloaded 8,312.0KB from www.overpass-api.de in 2.86 seconds
2018-10-09 04:19:20,086 INFO osmnet Posting to http://www.overpass-api.de/api/interpreter with timeout=180, "{'data': '[out:json][timeout:180];(way["highway"]["highway"!~"motor|proposed|construction|abandoned|platform|raceway"]["foot"!~"no"]["pedestrians"!~"no"](38.08355624,-123.02460472,38.48103316,-122.56118196);>;);out;'}"
2018-10-09 04:19:23,901 INFO osmnet Downloaded 18,993.5KB from www.overpass-api.de in 3.82 seconds
2018-10-09 04:19:24,389 INFO osmnet Posting to http://www.overpass-api.de/api/interpreter with timeout=180, "{'data': '[out:json][timeout:180];(way["highway"]["highway"!~"motor|proposed|construction|abandoned|platform|raceway"]["foot"!~"no"]["pedestrians"!~"no"](38.48021382,-123.02460700,38.86662117,-122.55881654);>;);out;'}"
2018-10-09 04:19:27,626 INFO osmnet Downloaded 16,287.2KB from www.overpass-api.de in 3.24 seconds
2018-10-09 04:19:28,073 INFO osmnet Posting to http://www.overpass-api.de/api/interpreter with timeout=180, "{'data': '[out:json][timeout:180];(way["highway"]["highway"!~"motor|proposed|construction|abandoned|platform|raceway"]["foot"!~"no"]["pedestrians"!~"no"](38.47755722,-122.56118196,38.86745729,-122.09235656);>;);out;'}"
2018-10-09 04:19:31,158 INFO osmnet Downloaded 8,591.6KB from www.overpass-api.de in 3.09 seconds
2018-10-09 04:19:31,391 INFO osmnet Posting to http://www.overpass-api.de/api/interpreter with timeout=180, "{'data': '[out:json][timeout:180];(way["highway"]["highway"!~"motor|proposed|construction|abandoned|platform|raceway"]["foot"!~"no"]["pedestrians"!~"no"](38.47306400,-122.09726694,38.86745729,-121.62593445);>;);out;'}"
2018-10-09 04:19:34,412 INFO osmnet Downloaded 11,046.0KB from www.overpass-api.de in 3.02 seconds
2018-10-09 04:19:35,058 INFO osmnet Posting to http://www.overpass-api.de/api/interpreter with timeout=180, "{'data': '[out:json][timeout:180];(way["highway"]["highway"!~"motor|proposed|construction|abandoned|platform|raceway"]["foot"!~"no"]["pedestrians"!~"no"](38.46732948,-121.63343415,38.86643026,-121.20797200);>;);out;'}"
2018-10-09 04:19:43,837 INFO osmnet Downloaded 58,187.2KB from www.overpass-api.de in 8.78 seconds
2018-10-09 04:19:45,846 INFO osmnet Posting to http://www.overpass-api.de/api/interpreter with timeout=180, "{'data': '[out:json][timeout:180];(way["highway"]["highway"!~"motor|proposed|construction|abandoned|platform|raceway"]["foot"!~"no"]["pedestrians"!~"no"](38.07070632,-121.64084753,38.47306400,-121.20814249);>;);out;'}"
2018-10-09 04:19:49,514 INFO osmnet Downloaded 14,993.8KB from www.overpass-api.de in 3.67 seconds
2018-10-09 04:19:50,211 INFO osmnet Posting to http://www.overpass-api.de/api/interpreter with timeout=180, "{'data': '[out:json][timeout:180];(way["highway"]["highway"!~"motor|proposed|construction|abandoned|platform|raceway"]["foot"!~"no"]["pedestrians"!~"no"](37.67405762,-121.64811677,38.07650684,-121.20822373);>;);out;'}"
2018-10-09 04:19:54,613 INFO osmnet Downloaded 19,002.8KB from www.overpass-api.de in 4.40 seconds
2018-10-09 04:19:55,103 INFO osmnet Posting to http://www.overpass-api.de/api/interpreter with timeout=180, "{'data': '[out:json][timeout:180];(way["highway"]["highway"!~"motor|proposed|construction|abandoned|platform|raceway"]["foot"!~"no"]["pedestrians"!~"no"](37.27738350,-121.65524485,37.67992164,-121.20813634);>;);out;'}"
2018-10-09 04:19:57,229 INFO osmnet Downloaded 4,178.0KB from www.overpass-api.de in 2.13 seconds
2018-10-09 04:19:57,349 INFO osmnet Posting to http://www.overpass-api.de/api/interpreter with timeout=180, "{'data': '[out:json][timeout:180];(way["highway"]["highway"!~"motor|proposed|construction|abandoned|platform|raceway"]["foot"!~"no"]["pedestrians"!~"no"](36.89419600,-121.66205780,37.28330853,-121.20797200);>;);out;'}"
2018-10-09 04:20:00,705 INFO osmnet Downloaded 10,668.5KB from www.overpass-api.de in 3.36 seconds
2018-10-09 04:20:01,000 INFO osmnet Posting to http://www.overpass-api.de/api/interpreter with timeout=180, "{'data': '[out:json][timeout:180];(way["highway"]["highway"!~"motor|proposed|construction|abandoned|platform|raceway"]["foot"!~"no"]["pedestrians"!~"no"](36.89680012,-122.11621817,37.28761443,-121.65524485);>;);out;'}"
2018-10-09 04:20:09,563 INFO osmnet Downloaded 48,197.1KB from www.overpass-api.de in 8.56 seconds
2018-10-09 04:20:11,244 INFO osmnet Posting to http://www.overpass-api.de/api/interpreter with timeout=180, "{'data': '[out:json][timeout:180];(way["highway"]["highway"!~"motor|proposed|construction|abandoned|platform|raceway"]["foot"!~"no"]["pedestrians"!~"no"](36.89680039,-122.57041420,37.29016027,-122.11167777);>;);out;'}"
2018-10-09 04:20:13,147 INFO osmnet Downloaded 6,969.0KB from www.overpass-api.de in 1.90 seconds
2018-10-09 04:20:13,338 INFO osmnet Posting to http://www.overpass-api.de/api/interpreter with timeout=180, "{'data': '[out:json][timeout:180];(way["highway"]["highway"!~"motor|proposed|construction|abandoned|platform|raceway"]["foot"!~"no"]["pedestrians"!~"no"](38.08093695,-122.56356327,38.48021381,-122.09726694);>;);out;'}"
2018-10-09 04:20:18,710 INFO osmnet Downloaded 19,085.3KB from www.overpass-api.de in 5.37 seconds
2018-10-09 04:20:19,218 INFO osmnet Posting to http://www.overpass-api.de/api/interpreter with timeout=180, "{'data': '[out:json][timeout:180];(way["highway"]["highway"!~"motor|proposed|construction|abandoned|platform|raceway"]["foot"!~"no"]["pedestrians"!~"no"](37.68428932,-122.56589827,38.08355624,-122.10216515);>;);out;'}"
2018-10-09 04:20:30,829 INFO osmnet Downloaded 76,548.9KB from www.overpass-api.de in 11.61 seconds
2018-10-09 04:20:33,888 INFO osmnet Posting to http://www.overpass-api.de/api/interpreter with timeout=180, "{'data': '[out:json][timeout:180];(way["highway"]["highway"!~"motor|proposed|construction|abandoned|platform|raceway"]["foot"!~"no"]["pedestrians"!~"no"](38.07650684,-122.10216514,38.47755722,-121.63343416);>;);out;'}"
2018-10-09 04:20:37,358 INFO osmnet Downloaded 19,149.0KB from www.overpass-api.de in 3.47 seconds
2018-10-09 04:20:37,871 INFO osmnet Posting to http://www.overpass-api.de/api/interpreter with timeout=180, "{'data': '[out:json][timeout:180];(way["highway"]["highway"!~"motor|proposed|construction|abandoned|platform|raceway"]["foot"!~"no"]["pedestrians"!~"no"](37.67992164,-122.10696810,38.08093695,-121.64084754);>;);out;'}"
2018-10-09 04:20:48,281 INFO osmnet Downloaded 47,284.6KB from www.overpass-api.de in 10.41 seconds
2018-10-09 04:20:49,533 INFO osmnet Posting to http://www.overpass-api.de/api/interpreter with timeout=180, "{'data': '[out:json][timeout:180];(way["highway"]["highway"!~"motor|proposed|construction|abandoned|platform|raceway"]["foot"!~"no"]["pedestrians"!~"no"](37.28330853,-122.11167777,37.68428932,-121.64811677);>;);out;'}"
2018-10-09 04:21:04,346 INFO osmnet Downloaded 82,708.6KB from www.overpass-api.de in 14.81 seconds
2018-10-09 04:21:07,241 INFO osmnet Posting to http://www.overpass-api.de/api/interpreter with timeout=180, "{'data': '[out:json][timeout:180];(way["highway"]["highway"!~"motor|proposed|construction|abandoned|platform|raceway"]["foot"!~"no"]["pedestrians"!~"no"](37.28761444,-122.56818792,37.68687169,-122.10696810);>;);out;'}"
2018-10-09 04:21:15,750 INFO osmnet Downloaded 39,387.5KB from www.overpass-api.de in 8.51 seconds
2018-10-09 04:21:17,687 INFO osmnet Downloaded OSM network data within bounding box from Overpass API in 20 request(s) and 122.31 seconds
2018-10-09 04:24:01,149 INFO osmnet 132,883 duplicate records removed. Took 163.39 seconds
2018-10-09 04:24:36,839 INFO osmnet Returning OSM data with 3,571,033 nodes and 578,039 ways...
2018-10-09 04:39:37,022 INFO osmnet Requesting network data within bounding box from Overpass API in 20 request(s)
2018-10-09 04:39:37,023 INFO osmnet Posting to http://www.overpass-api.de/api/interpreter with timeout=180, "{'data': '[out:json][timeout:180];(way["highway"]["highway"!~"motor|proposed|construction|abandoned|platform|raceway"]["foot"!~"no"]["pedestrians"!~"no"](36.89419600,-123.02460700,37.29094537,-122.56818792);>;);out;'}"
2018-10-09 04:39:37,537 INFO osmnet Downloaded 0.3KB from www.overpass-api.de in 0.51 seconds
2018-10-09 04:39:37,537 INFO osmnet Posting to http://www.overpass-api.de/api/interpreter with timeout=180, "{'data': '[out:json][timeout:180];(way["highway"]["highway"!~"motor|proposed|construction|abandoned|platform|raceway"]["foot"!~"no"]["pedestrians"!~"no"](37.29016027,-123.02460468,37.68766809,-122.56589827);>;);out;'}"
2018-10-09 04:39:38,153 INFO osmnet Downloaded 0.3KB from www.overpass-api.de in 0.62 seconds
2018-10-09 04:39:38,154 INFO osmnet Posting to http://www.overpass-api.de/api/interpreter with timeout=180, "{'data': '[out:json][timeout:180];(way["highway"]["highway"!~"motor|proposed|construction|abandoned|platform|raceway"]["foot"!~"no"]["pedestrians"!~"no"](37.68687169,-123.02460353,38.08436405,-122.56356327);>;);out;'}"
2018-10-09 04:39:40,714 INFO osmnet Downloaded 8,312.0KB from www.overpass-api.de in 2.56 seconds
2018-10-09 04:39:40,972 INFO osmnet Posting to http://www.overpass-api.de/api/interpreter with timeout=180, "{'data': '[out:json][timeout:180];(way["highway"]["highway"!~"motor|proposed|construction|abandoned|platform|raceway"]["foot"!~"no"]["pedestrians"!~"no"](38.08355624,-123.02460472,38.48103316,-122.56118196);>;);out;'}"
2018-10-09 04:39:43,829 INFO osmnet Downloaded 18,993.5KB from www.overpass-api.de in 2.86 seconds
2018-10-09 04:39:44,389 INFO osmnet Posting to http://www.overpass-api.de/api/interpreter with timeout=180, "{'data': '[out:json][timeout:180];(way["highway"]["highway"!~"motor|proposed|construction|abandoned|platform|raceway"]["foot"!~"no"]["pedestrians"!~"no"](38.48021382,-123.02460700,38.86662117,-122.55881654);>;);out;'}"
2018-10-09 04:39:47,355 INFO osmnet Downloaded 16,287.2KB from www.overpass-api.de in 2.97 seconds
2018-10-09 04:39:47,843 INFO osmnet Posting to http://www.overpass-api.de/api/interpreter with timeout=180, "{'data': '[out:json][timeout:180];(way["highway"]["highway"!~"motor|proposed|construction|abandoned|platform|raceway"]["foot"!~"no"]["pedestrians"!~"no"](38.47755722,-122.56118196,38.86745729,-122.09235656);>;);out;'}"
2018-10-09 04:39:49,925 INFO osmnet Downloaded 8,591.6KB from www.overpass-api.de in 2.08 seconds
2018-10-09 04:39:50,192 INFO osmnet Posting to http://www.overpass-api.de/api/interpreter with timeout=180, "{'data': '[out:json][timeout:180];(way["highway"]["highway"!~"motor|proposed|construction|abandoned|platform|raceway"]["foot"!~"no"]["pedestrians"!~"no"](38.47306400,-122.09726694,38.86745729,-121.62593445);>;);out;'}"
2018-10-09 04:39:52,654 INFO osmnet Downloaded 11,046.0KB from www.overpass-api.de in 2.46 seconds
2018-10-09 04:39:52,998 INFO osmnet Posting to http://www.overpass-api.de/api/interpreter with timeout=180, "{'data': '[out:json][timeout:180];(way["highway"]["highway"!~"motor|proposed|construction|abandoned|platform|raceway"]["foot"!~"no"]["pedestrians"!~"no"](38.46732948,-121.63343415,38.86643026,-121.20797200);>;);out;'}"
2018-10-09 04:39:59,182 INFO osmnet Downloaded 58,187.2KB from www.overpass-api.de in 6.18 seconds
2018-10-09 04:40:01,964 INFO osmnet Posting to http://www.overpass-api.de/api/interpreter with timeout=180, "{'data': '[out:json][timeout:180];(way["highway"]["highway"!~"motor|proposed|construction|abandoned|platform|raceway"]["foot"!~"no"]["pedestrians"!~"no"](38.07070632,-121.64084753,38.47306400,-121.20814249);>;);out;'}"
2018-10-09 04:40:08,605 INFO osmnet Downloaded 14,993.8KB from www.overpass-api.de in 6.64 seconds
2018-10-09 04:40:09,032 INFO osmnet Posting to http://www.overpass-api.de/api/interpreter with timeout=180, "{'data': '[out:json][timeout:180];(way["highway"]["highway"!~"motor|proposed|construction|abandoned|platform|raceway"]["foot"!~"no"]["pedestrians"!~"no"](37.67405762,-121.64811677,38.07650684,-121.20822373);>;);out;'}"
2018-10-09 04:40:16,076 INFO osmnet Downloaded 19,002.8KB from www.overpass-api.de in 7.04 seconds
2018-10-09 04:40:16,619 INFO osmnet Posting to http://www.overpass-api.de/api/interpreter with timeout=180, "{'data': '[out:json][timeout:180];(way["highway"]["highway"!~"motor|proposed|construction|abandoned|platform|raceway"]["foot"!~"no"]["pedestrians"!~"no"](37.27738350,-121.65524485,37.67992164,-121.20813634);>;);out;'}"
2018-10-09 04:40:19,930 INFO osmnet Downloaded 4,178.0KB from www.overpass-api.de in 3.31 seconds
2018-10-09 04:40:20,056 INFO osmnet Posting to http://www.overpass-api.de/api/interpreter with timeout=180, "{'data': '[out:json][timeout:180];(way["highway"]["highway"!~"motor|proposed|construction|abandoned|platform|raceway"]["foot"!~"no"]["pedestrians"!~"no"](36.89419600,-121.66205780,37.28330853,-121.20797200);>;);out;'}"
2018-10-09 04:40:35,594 INFO osmnet Downloaded 0.7KB from www.overpass-api.de in 15.54 seconds
2018-10-09 04:40:36,032 WARNING osmnet Server at www.overpass-api.de returned status code 429 and no JSON data. Re-trying request in 1.00 seconds.
2018-10-09 04:40:37,033 INFO osmnet Posting to http://www.overpass-api.de/api/interpreter with timeout=180, "{'data': '[out:json][timeout:180];(way["highway"]["highway"!~"motor|proposed|construction|abandoned|platform|raceway"]["foot"!~"no"]["pedestrians"!~"no"](36.89419600,-121.66205780,37.28330853,-121.20797200);>;);out;'}"
2018-10-09 04:40:42,036 INFO osmnet Downloaded 10,668.5KB from www.overpass-api.de in 5.00 seconds
2018-10-09 04:40:42,353 INFO osmnet Posting to http://www.overpass-api.de/api/interpreter with timeout=180, "{'data': '[out:json][timeout:180];(way["highway"]["highway"!~"motor|proposed|construction|abandoned|platform|raceway"]["foot"!~"no"]["pedestrians"!~"no"](36.89680012,-122.11621817,37.28761443,-121.65524485);>;);out;'}"
2018-10-09 04:40:54,820 INFO osmnet Downloaded 48,197.1KB from www.overpass-api.de in 12.47 seconds
2018-10-09 04:40:56,618 INFO osmnet Posting to http://www.overpass-api.de/api/interpreter with timeout=180, "{'data': '[out:json][timeout:180];(way["highway"]["highway"!~"motor|proposed|construction|abandoned|platform|raceway"]["foot"!~"no"]["pedestrians"!~"no"](36.89680039,-122.57041420,37.29016027,-122.11167777);>;);out;'}"
2018-10-09 04:41:11,428 INFO osmnet Downloaded 0.7KB from www.overpass-api.de in 14.81 seconds
2018-10-09 04:41:11,804 WARNING osmnet Server at www.overpass-api.de returned status code 429 and no JSON data. Re-trying request in 16.00 seconds.
2018-10-09 04:41:27,820 INFO osmnet Posting to http://www.overpass-api.de/api/interpreter with timeout=180, "{'data': '[out:json][timeout:180];(way["highway"]["highway"!~"motor|proposed|construction|abandoned|platform|raceway"]["foot"!~"no"]["pedestrians"!~"no"](36.89680039,-122.57041420,37.29016027,-122.11167777);>;);out;'}"
2018-10-09 04:41:30,993 INFO osmnet Downloaded 6,969.0KB from www.overpass-api.de in 3.17 seconds
2018-10-09 04:41:31,203 INFO osmnet Posting to http://www.overpass-api.de/api/interpreter with timeout=180, "{'data': '[out:json][timeout:180];(way["highway"]["highway"!~"motor|proposed|construction|abandoned|platform|raceway"]["foot"!~"no"]["pedestrians"!~"no"](38.08093695,-122.56356327,38.48021381,-122.09726694);>;);out;'}"
2018-10-09 04:41:43,623 INFO osmnet Downloaded 19,085.3KB from www.overpass-api.de in 12.42 seconds
2018-10-09 04:41:44,573 INFO osmnet Posting to http://www.overpass-api.de/api/interpreter with timeout=180, "{'data': '[out:json][timeout:180];(way["highway"]["highway"!~"motor|proposed|construction|abandoned|platform|raceway"]["foot"!~"no"]["pedestrians"!~"no"](37.68428932,-122.56589827,38.08355624,-122.10216515);>;);out;'}"
2018-10-09 04:41:59,444 INFO osmnet Downloaded 0.7KB from www.overpass-api.de in 14.87 seconds
2018-10-09 04:41:59,892 WARNING osmnet Server at www.overpass-api.de returned status code 429 and no JSON data. Re-trying request in 4.00 seconds.
2018-10-09 04:42:03,896 INFO osmnet Posting to http://www.overpass-api.de/api/interpreter with timeout=180, "{'data': '[out:json][timeout:180];(way["highway"]["highway"!~"motor|proposed|construction|abandoned|platform|raceway"]["foot"!~"no"]["pedestrians"!~"no"](37.68428932,-122.56589827,38.08355624,-122.10216515);>;);out;'}"
2018-10-09 04:42:14,194 INFO osmnet Downloaded 76,548.9KB from www.overpass-api.de in 10.30 seconds
2018-10-09 04:42:16,921 INFO osmnet Posting to http://www.overpass-api.de/api/interpreter with timeout=180, "{'data': '[out:json][timeout:180];(way["highway"]["highway"!~"motor|proposed|construction|abandoned|platform|raceway"]["foot"!~"no"]["pedestrians"!~"no"](38.07650684,-122.10216514,38.47755722,-121.63343416);>;);out;'}"
2018-10-09 04:42:20,805 INFO osmnet Downloaded 19,149.0KB from www.overpass-api.de in 3.88 seconds
2018-10-09 04:42:21,360 INFO osmnet Posting to http://www.overpass-api.de/api/interpreter with timeout=180, "{'data': '[out:json][timeout:180];(way["highway"]["highway"!~"motor|proposed|construction|abandoned|platform|raceway"]["foot"!~"no"]["pedestrians"!~"no"](37.67992164,-122.10696810,38.08093695,-121.64084754);>;);out;'}"
2018-10-09 04:42:30,004 INFO osmnet Downloaded 47,284.6KB from www.overpass-api.de in 8.64 seconds
2018-10-09 04:42:32,020 INFO osmnet Posting to http://www.overpass-api.de/api/interpreter with timeout=180, "{'data': '[out:json][timeout:180];(way["highway"]["highway"!~"motor|proposed|construction|abandoned|platform|raceway"]["foot"!~"no"]["pedestrians"!~"no"](37.28330853,-122.11167777,37.68428932,-121.64811677);>;);out;'}"
2018-10-09 04:42:40,761 INFO osmnet Downloaded 82,708.6KB from www.overpass-api.de in 8.74 seconds
2018-10-09 04:42:43,790 INFO osmnet Posting to http://www.overpass-api.de/api/interpreter with timeout=180, "{'data': '[out:json][timeout:180];(way["highway"]["highway"!~"motor|proposed|construction|abandoned|platform|raceway"]["foot"!~"no"]["pedestrians"!~"no"](37.28761444,-122.56818792,37.68687169,-122.10696810);>;);out;'}"
2018-10-09 04:42:49,625 INFO osmnet Downloaded 39,387.5KB from www.overpass-api.de in 5.83 seconds
2018-10-09 04:42:50,712 INFO osmnet Downloaded OSM network data within bounding box from Overpass API in 20 request(s) and 193.69 seconds
2018-10-09 04:45:32,690 INFO osmnet 132,883 duplicate records removed. Took 161.88 seconds
2018-10-09 04:46:06,605 INFO osmnet Returning OSM data with 3,571,033 nodes and 578,039 ways...
2018-10-09 05:10:10,265 INFO osmnet Edge node pairs completed. Took 1,443.66 seconds
2018-10-09 05:10:15,475 INFO osmnet Returning processed graph with 774,016 nodes and 2,182,006 edges...
2018-10-09 05:10:15,475 INFO osmnet Completed OSM data download and Pandana node and edge table creation in 1,838.48 seconds
