2018-10-09 03:36:36,987 WARNING urbanaccess Note: Your use of a GTFS feed is governed by each GTFS feed author license terms. It is suggested you read the respective license terms for the appropriate use of a GTFS feed.
2018-10-09 03:36:36,988 WARNING urbanaccess Warning: The GTFSDataExchange is no longer being maintained as of Summer 2016. Data accessed here may be out of date.
2018-10-09 03:36:38,166 WARNING urbanaccess Note: Your use of a GTFS feed is governed by each GTFS feed author license terms. It is suggested you read the respective license terms for the appropriate use of a GTFS feed.
2018-10-09 03:36:38,167 WARNING urbanaccess Warning: The GTFSDataExchange is no longer being maintained as of Summer 2016. Data accessed here may be out of date.
2018-10-09 03:36:52,669 WARNING urbanaccess Note: Your use of a GTFS feed is governed by each GTFS feed author license terms. It is suggested you read the respective license terms for the appropriate use of a GTFS feed.
2018-10-09 03:36:52,670 WARNING urbanaccess Warning: The GTFSDataExchange is no longer being maintained as of Summer 2016. Data accessed here may be out of date.
2018-10-09 03:37:08,163 WARNING urbanaccess Note: Your use of a GTFS feed is governed by each GTFS feed author license terms. It is suggested you read the respective license terms for the appropriate use of a GTFS feed.
2018-10-09 03:37:08,164 WARNING urbanaccess Warning: The GTFSDataExchange is no longer being maintained as of Summer 2016. Data accessed here may be out of date.
2018-10-09 03:38:18,233 WARNING urbanaccess Note: Your use of a GTFS feed is governed by each GTFS feed author license terms. It is suggested you read the respective license terms for the appropriate use of a GTFS feed.
2018-10-09 03:38:18,234 WARNING urbanaccess Warning: The GTFSDataExchange is no longer being maintained as of Summer 2016. Data accessed here may be out of date.
2018-10-09 03:39:19,806 WARNING urbanaccess Note: Your use of a GTFS feed is governed by each GTFS feed author license terms. It is suggested you read the respective license terms for the appropriate use of a GTFS feed.
2018-10-09 03:39:19,807 WARNING urbanaccess Warning: The GTFSDataExchange is no longer being maintained as of Summer 2016. Data accessed here may be out of date.
2018-10-09 03:39:21,275 WARNING urbanaccess Note: Your use of a GTFS feed is governed by each GTFS feed author license terms. It is suggested you read the respective license terms for the appropriate use of a GTFS feed.
2018-10-09 03:39:21,276 WARNING urbanaccess Warning: The GTFSDataExchange is no longer being maintained as of Summer 2016. Data accessed here may be out of date.
2018-10-09 03:39:22,405 WARNING urbanaccess Note: Your use of a GTFS feed is governed by each GTFS feed author license terms. It is suggested you read the respective license terms for the appropriate use of a GTFS feed.
2018-10-09 03:39:22,405 WARNING urbanaccess Warning: The GTFSDataExchange is no longer being maintained as of Summer 2016. Data accessed here may be out of date.
2018-10-09 03:39:23,555 WARNING urbanaccess Note: Your use of a GTFS feed is governed by each GTFS feed author license terms. It is suggested you read the respective license terms for the appropriate use of a GTFS feed.
2018-10-09 03:39:23,555 WARNING urbanaccess Warning: The GTFSDataExchange is no longer being maintained as of Summer 2016. Data accessed here may be out of date.
2018-10-09 03:39:24,644 WARNING urbanaccess Note: Your use of a GTFS feed is governed by each GTFS feed author license terms. It is suggested you read the respective license terms for the appropriate use of a GTFS feed.
2018-10-09 03:39:24,644 WARNING urbanaccess Warning: The GTFSDataExchange is no longer being maintained as of Summer 2016. Data accessed here may be out of date.
2018-10-09 03:39:25,860 WARNING urbanaccess Note: Your use of a GTFS feed is governed by each GTFS feed author license terms. It is suggested you read the respective license terms for the appropriate use of a GTFS feed.
2018-10-09 03:39:25,860 WARNING urbanaccess Warning: The GTFSDataExchange is no longer being maintained as of Summer 2016. Data accessed here may be out of date.
2018-10-09 03:39:26,984 WARNING urbanaccess Note: Your use of a GTFS feed is governed by each GTFS feed author license terms. It is suggested you read the respective license terms for the appropriate use of a GTFS feed.
2018-10-09 03:39:26,985 WARNING urbanaccess Warning: The GTFSDataExchange is no longer being maintained as of Summer 2016. Data accessed here may be out of date.
2018-10-09 03:39:28,143 WARNING urbanaccess Note: Your use of a GTFS feed is governed by each GTFS feed author license terms. It is suggested you read the respective license terms for the appropriate use of a GTFS feed.
2018-10-09 03:39:28,143 WARNING urbanaccess Warning: The GTFSDataExchange is no longer being maintained as of Summer 2016. Data accessed here may be out of date.
2018-10-09 03:39:28,946 WARNING urbanaccess Note: Your use of a GTFS feed is governed by each GTFS feed author license terms. It is suggested you read the respective license terms for the appropriate use of a GTFS feed.
2018-10-09 03:39:28,946 WARNING urbanaccess Warning: The GTFSDataExchange is no longer being maintained as of Summer 2016. Data accessed here may be out of date.
2018-10-09 03:39:30,071 WARNING urbanaccess Note: Your use of a GTFS feed is governed by each GTFS feed author license terms. It is suggested you read the respective license terms for the appropriate use of a GTFS feed.
2018-10-09 03:39:30,071 WARNING urbanaccess Warning: The GTFSDataExchange is no longer being maintained as of Summer 2016. Data accessed here may be out of date.
2018-10-09 03:39:31,164 WARNING urbanaccess Note: Your use of a GTFS feed is governed by each GTFS feed author license terms. It is suggested you read the respective license terms for the appropriate use of a GTFS feed.
2018-10-09 03:39:31,164 WARNING urbanaccess Warning: The GTFSDataExchange is no longer being maintained as of Summer 2016. Data accessed here may be out of date.
2018-10-09 03:39:32,394 WARNING urbanaccess Note: Your use of a GTFS feed is governed by each GTFS feed author license terms. It is suggested you read the respective license terms for the appropriate use of a GTFS feed.
2018-10-09 03:39:32,395 WARNING urbanaccess Warning: The GTFSDataExchange is no longer being maintained as of Summer 2016. Data accessed here may be out of date.
2018-10-09 03:39:33,430 WARNING urbanaccess Note: Your use of a GTFS feed is governed by each GTFS feed author license terms. It is suggested you read the respective license terms for the appropriate use of a GTFS feed.
2018-10-09 03:39:33,431 WARNING urbanaccess Warning: The GTFSDataExchange is no longer being maintained as of Summer 2016. Data accessed here may be out of date.
2018-10-09 03:39:34,244 WARNING urbanaccess Note: Your use of a GTFS feed is governed by each GTFS feed author license terms. It is suggested you read the respective license terms for the appropriate use of a GTFS feed.
2018-10-09 03:39:34,244 WARNING urbanaccess Warning: The GTFSDataExchange is no longer being maintained as of Summer 2016. Data accessed here may be out of date.
2018-10-09 03:39:35,251 WARNING urbanaccess Note: Your use of a GTFS feed is governed by each GTFS feed author license terms. It is suggested you read the respective license terms for the appropriate use of a GTFS feed.
2018-10-09 03:39:35,252 WARNING urbanaccess Warning: The GTFSDataExchange is no longer being maintained as of Summer 2016. Data accessed here may be out of date.
2018-10-09 03:39:36,328 WARNING urbanaccess Note: Your use of a GTFS feed is governed by each GTFS feed author license terms. It is suggested you read the respective license terms for the appropriate use of a GTFS feed.
2018-10-09 03:39:36,329 WARNING urbanaccess Warning: The GTFSDataExchange is no longer being maintained as of Summer 2016. Data accessed here may be out of date.
2018-10-09 03:47:28,504 INFO urbanaccess Added 1 feeds to gtfs_feeds: {'ACE': 'https://transitfeeds.com/p/altamont-corridor-express/823/latest/download'}
2018-10-09 03:47:46,202 INFO urbanaccess data/gtfsfeed_zips does not exist. Directory was created
2018-10-09 03:47:46,203 INFO urbanaccess 1 GTFS feeds will be downloaded here: data/gtfsfeed_zips
2018-10-09 03:47:46,904 INFO urbanaccess ACE GTFS feed downloaded successfully. Took 0.70 seconds for 4,488.0KB
2018-10-09 03:47:46,904 INFO urbanaccess GTFS feed download completed. Took 0.70 seconds
2018-10-09 03:47:46,905 INFO urbanaccess data/gtfsfeed_text does not exist. Directory was created
2018-10-09 03:47:46,909 INFO urbanaccess ACE.zip successfully extracted to: data/gtfsfeed_text/ACE
2018-10-09 03:47:46,909 INFO urbanaccess GTFS feed zipfile extraction completed. Took 0.00 seconds for 1 files
2018-10-09 03:56:04,311 WARNING urbanaccess Note: Your use of a GTFS feed is governed by each GTFS feed author license terms. It is suggested you read the respective license terms for the appropriate use of a GTFS feed.
2018-10-09 03:56:04,311 WARNING urbanaccess Warning: The GTFSDataExchange is no longer being maintained as of Summer 2016. Data accessed here may be out of date.
2018-10-09 03:56:05,368 INFO urbanaccess Found 1 records that matched ['Bay Area Rapid Transit'] inside ['name', 'url', 'dataexchange_id', 'feed_baseurl'] columns:
2018-10-09 03:56:05,368 WARNING urbanaccess Note: Your use of a GTFS feed is governed by each GTFS feed author license terms. It is suggested you read the respective license terms for the appropriate use of a GTFS feed.
2018-10-09 03:56:05,368 WARNING urbanaccess Warning: The GTFSDataExchange is no longer being maintained as of Summer 2016. Data accessed here may be out of date.
2018-10-09 03:56:06,398 INFO urbanaccess Found 1 records that matched ['AC transit'] inside ['name', 'url', 'dataexchange_id', 'feed_baseurl'] columns:
2018-10-09 03:56:06,398 WARNING urbanaccess Note: Your use of a GTFS feed is governed by each GTFS feed author license terms. It is suggested you read the respective license terms for the appropriate use of a GTFS feed.
2018-10-09 03:56:06,399 WARNING urbanaccess Warning: The GTFSDataExchange is no longer being maintained as of Summer 2016. Data accessed here may be out of date.
2018-10-09 03:56:07,445 INFO urbanaccess Found 3 records that matched ['Caltrain'] inside ['name', 'url', 'dataexchange_id', 'feed_baseurl'] columns:
2018-10-09 03:56:07,445 WARNING urbanaccess Note: Your use of a GTFS feed is governed by each GTFS feed author license terms. It is suggested you read the respective license terms for the appropriate use of a GTFS feed.
2018-10-09 03:56:07,446 WARNING urbanaccess Warning: The GTFSDataExchange is no longer being maintained as of Summer 2016. Data accessed here may be out of date.
2018-10-09 03:56:08,736 INFO urbanaccess Found 1 records that matched ['County Connection'] inside ['name', 'url', 'dataexchange_id', 'feed_baseurl'] columns:
2018-10-09 03:56:08,736 WARNING urbanaccess Note: Your use of a GTFS feed is governed by each GTFS feed author license terms. It is suggested you read the respective license terms for the appropriate use of a GTFS feed.
2018-10-09 03:56:08,737 WARNING urbanaccess Warning: The GTFSDataExchange is no longer being maintained as of Summer 2016. Data accessed here may be out of date.
2018-10-09 03:56:09,639 INFO urbanaccess Found 1 records that matched ['Fairfield and Suisun Transit'] inside ['name', 'url', 'dataexchange_id', 'feed_baseurl'] columns:
2018-10-09 03:56:09,639 WARNING urbanaccess Note: Your use of a GTFS feed is governed by each GTFS feed author license terms. It is suggested you read the respective license terms for the appropriate use of a GTFS feed.
2018-10-09 03:56:09,640 WARNING urbanaccess Warning: The GTFSDataExchange is no longer being maintained as of Summer 2016. Data accessed here may be out of date.
2018-10-09 03:56:10,778 INFO urbanaccess Found 1 records that matched ['Golden Gate Transit'] inside ['name', 'url', 'dataexchange_id', 'feed_baseurl'] columns:
2018-10-09 03:56:10,779 WARNING urbanaccess Note: Your use of a GTFS feed is governed by each GTFS feed author license terms. It is suggested you read the respective license terms for the appropriate use of a GTFS feed.
2018-10-09 03:56:10,779 WARNING urbanaccess Warning: The GTFSDataExchange is no longer being maintained as of Summer 2016. Data accessed here may be out of date.
2018-10-09 03:56:11,790 INFO urbanaccess Found 1 records that matched ['SFMTA'] inside ['name', 'url', 'dataexchange_id', 'feed_baseurl'] columns:
2018-10-09 03:56:11,791 WARNING urbanaccess Note: Your use of a GTFS feed is governed by each GTFS feed author license terms. It is suggested you read the respective license terms for the appropriate use of a GTFS feed.
2018-10-09 03:56:11,791 WARNING urbanaccess Warning: The GTFSDataExchange is no longer being maintained as of Summer 2016. Data accessed here may be out of date.
2018-10-09 03:56:12,757 INFO urbanaccess Found 1 records that matched ['SamTrans'] inside ['name', 'url', 'dataexchange_id', 'feed_baseurl'] columns:
2018-10-09 03:56:12,757 WARNING urbanaccess Note: Your use of a GTFS feed is governed by each GTFS feed author license terms. It is suggested you read the respective license terms for the appropriate use of a GTFS feed.
2018-10-09 03:56:12,758 WARNING urbanaccess Warning: The GTFSDataExchange is no longer being maintained as of Summer 2016. Data accessed here may be out of date.
2018-10-09 03:56:13,882 INFO urbanaccess Found 1 records that matched ['Soltrans'] inside ['name', 'url', 'dataexchange_id', 'feed_baseurl'] columns:
2018-10-09 03:56:13,882 WARNING urbanaccess Note: Your use of a GTFS feed is governed by each GTFS feed author license terms. It is suggested you read the respective license terms for the appropriate use of a GTFS feed.
2018-10-09 03:56:13,883 WARNING urbanaccess Warning: The GTFSDataExchange is no longer being maintained as of Summer 2016. Data accessed here may be out of date.
2018-10-09 03:56:15,103 INFO urbanaccess Found 1 records that matched ['Marin Transit'] inside ['name', 'url', 'dataexchange_id', 'feed_baseurl'] columns:
2018-10-09 03:56:15,103 WARNING urbanaccess Note: Your use of a GTFS feed is governed by each GTFS feed author license terms. It is suggested you read the respective license terms for the appropriate use of a GTFS feed.
2018-10-09 03:56:15,104 WARNING urbanaccess Warning: The GTFSDataExchange is no longer being maintained as of Summer 2016. Data accessed here may be out of date.
2018-10-09 03:56:16,163 INFO urbanaccess Found 1 records that matched ['Sonoma County Transit'] inside ['name', 'url', 'dataexchange_id', 'feed_baseurl'] columns:
2018-10-09 03:57:20,090 WARNING urbanaccess Note: Your use of a GTFS feed is governed by each GTFS feed author license terms. It is suggested you read the respective license terms for the appropriate use of a GTFS feed.
2018-10-09 03:57:20,091 WARNING urbanaccess Warning: The GTFSDataExchange is no longer being maintained as of Summer 2016. Data accessed here may be out of date.
2018-10-09 03:57:21,257 INFO urbanaccess Found 1 records that matched ['Bay Area Rapid Transit'] inside ['name', 'url', 'dataexchange_id', 'feed_baseurl'] columns:
2018-10-09 03:57:21,283 INFO urbanaccess Added 1 feeds to gtfs_feeds: {'Bay Area Rapid Transit': 'http://www.gtfs-data-exchange.com/agency/bay-area-rapid-transit/latest.zip'}
2018-10-09 03:57:21,284 INFO urbanaccess Added 1 records to gtfs_feed list:
2018-10-09 03:57:21,284 WARNING urbanaccess Note: Your use of a GTFS feed is governed by each GTFS feed author license terms. It is suggested you read the respective license terms for the appropriate use of a GTFS feed.
2018-10-09 03:57:21,285 WARNING urbanaccess Warning: The GTFSDataExchange is no longer being maintained as of Summer 2016. Data accessed here may be out of date.
2018-10-09 03:57:22,235 INFO urbanaccess Found 1 records that matched ['AC transit'] inside ['name', 'url', 'dataexchange_id', 'feed_baseurl'] columns:
2018-10-09 03:57:22,237 INFO urbanaccess Added 1 feeds to gtfs_feeds: {'AC Transit': 'http://www.gtfs-data-exchange.com/agency/ac-transit/latest.zip'}
2018-10-09 03:57:22,238 INFO urbanaccess Added 1 records to gtfs_feed list:
2018-10-09 03:57:22,238 WARNING urbanaccess Note: Your use of a GTFS feed is governed by each GTFS feed author license terms. It is suggested you read the respective license terms for the appropriate use of a GTFS feed.
2018-10-09 03:57:22,239 WARNING urbanaccess Warning: The GTFSDataExchange is no longer being maintained as of Summer 2016. Data accessed here may be out of date.
2018-10-09 03:57:23,326 INFO urbanaccess Found 3 records that matched ['Caltrain'] inside ['name', 'url', 'dataexchange_id', 'feed_baseurl'] columns:
2018-10-09 03:57:23,328 INFO urbanaccess Added 3 feeds to gtfs_feeds: {'Caltrain': 'http://www.gtfs-data-exchange.com/agency/caltrain/latest.zip', 'Caltrain Commuter Shuttle (call for pick-up)': 'http://www.gtfs-data-exchange.com/agency/caltrain-commuter-shuttle-call-for-pick-up/latest.zip', 'Caltrain Shuttles': 'http://www.gtfs-data-exchange.com/agency/caltrain-shuttles/latest.zip'}
2018-10-09 03:57:23,330 INFO urbanaccess Added 3 records to gtfs_feed list:
2018-10-09 03:57:23,330 WARNING urbanaccess Note: Your use of a GTFS feed is governed by each GTFS feed author license terms. It is suggested you read the respective license terms for the appropriate use of a GTFS feed.
2018-10-09 03:57:23,331 WARNING urbanaccess Warning: The GTFSDataExchange is no longer being maintained as of Summer 2016. Data accessed here may be out of date.
2018-10-09 03:57:24,444 INFO urbanaccess Found 1 records that matched ['County Connection'] inside ['name', 'url', 'dataexchange_id', 'feed_baseurl'] columns:
2018-10-09 03:57:24,448 INFO urbanaccess Added 1 feeds to gtfs_feeds: {'County Connection': 'http://www.gtfs-data-exchange.com/agency/county-connection/latest.zip'}
2018-10-09 03:57:24,449 INFO urbanaccess Added 1 records to gtfs_feed list:
2018-10-09 03:57:24,449 WARNING urbanaccess Note: Your use of a GTFS feed is governed by each GTFS feed author license terms. It is suggested you read the respective license terms for the appropriate use of a GTFS feed.
2018-10-09 03:57:24,449 WARNING urbanaccess Warning: The GTFSDataExchange is no longer being maintained as of Summer 2016. Data accessed here may be out of date.
2018-10-09 03:57:25,565 INFO urbanaccess Found 1 records that matched ['Fairfield and Suisun Transit'] inside ['name', 'url', 'dataexchange_id', 'feed_baseurl'] columns:
2018-10-09 03:57:25,567 INFO urbanaccess Added 1 feeds to gtfs_feeds: {'Fairfield and Suisun Transit': 'http://www.gtfs-data-exchange.com/agency/fairfield-and-suisun-transit/latest.zip'}
2018-10-09 03:57:25,568 INFO urbanaccess Added 1 records to gtfs_feed list:
2018-10-09 03:57:25,569 WARNING urbanaccess Note: Your use of a GTFS feed is governed by each GTFS feed author license terms. It is suggested you read the respective license terms for the appropriate use of a GTFS feed.
2018-10-09 03:57:25,569 WARNING urbanaccess Warning: The GTFSDataExchange is no longer being maintained as of Summer 2016. Data accessed here may be out of date.
2018-10-09 03:57:26,635 INFO urbanaccess Found 1 records that matched ['Golden Gate Transit'] inside ['name', 'url', 'dataexchange_id', 'feed_baseurl'] columns:
2018-10-09 03:57:26,638 INFO urbanaccess Added 1 feeds to gtfs_feeds: {'Golden Gate Transit': 'http://www.gtfs-data-exchange.com/agency/golden-gate-transit/latest.zip'}
2018-10-09 03:57:26,638 INFO urbanaccess Added 1 records to gtfs_feed list:
2018-10-09 03:57:26,639 WARNING urbanaccess Note: Your use of a GTFS feed is governed by each GTFS feed author license terms. It is suggested you read the respective license terms for the appropriate use of a GTFS feed.
2018-10-09 03:57:26,639 WARNING urbanaccess Warning: The GTFSDataExchange is no longer being maintained as of Summer 2016. Data accessed here may be out of date.
2018-10-09 03:57:27,708 INFO urbanaccess Found 1 records that matched ['SFMTA'] inside ['name', 'url', 'dataexchange_id', 'feed_baseurl'] columns:
2018-10-09 03:57:27,710 INFO urbanaccess Added 1 feeds to gtfs_feeds: {'San Francisco Municipal Transportation Agency': 'http://www.gtfs-data-exchange.com/agency/san-francisco-municipal-transportation-agency/latest.zip'}
2018-10-09 03:57:27,711 INFO urbanaccess Added 1 records to gtfs_feed list:
2018-10-09 03:57:27,711 WARNING urbanaccess Note: Your use of a GTFS feed is governed by each GTFS feed author license terms. It is suggested you read the respective license terms for the appropriate use of a GTFS feed.
2018-10-09 03:57:27,711 WARNING urbanaccess Warning: The GTFSDataExchange is no longer being maintained as of Summer 2016. Data accessed here may be out of date.
2018-10-09 03:57:28,701 INFO urbanaccess Found 1 records that matched ['SamTrans'] inside ['name', 'url', 'dataexchange_id', 'feed_baseurl'] columns:
2018-10-09 03:57:28,705 INFO urbanaccess Added 1 feeds to gtfs_feeds: {'SamTrans': 'http://www.gtfs-data-exchange.com/agency/samtrans/latest.zip'}
2018-10-09 03:57:28,705 INFO urbanaccess Added 1 records to gtfs_feed list:
2018-10-09 03:57:28,706 WARNING urbanaccess Note: Your use of a GTFS feed is governed by each GTFS feed author license terms. It is suggested you read the respective license terms for the appropriate use of a GTFS feed.
2018-10-09 03:57:28,706 WARNING urbanaccess Warning: The GTFSDataExchange is no longer being maintained as of Summer 2016. Data accessed here may be out of date.
2018-10-09 03:57:30,059 INFO urbanaccess Found 1 records that matched ['Soltrans'] inside ['name', 'url', 'dataexchange_id', 'feed_baseurl'] columns:
2018-10-09 03:57:30,061 INFO urbanaccess Added 1 feeds to gtfs_feeds: {'SolTrans': 'http://www.gtfs-data-exchange.com/agency/soltrans/latest.zip'}
2018-10-09 03:57:30,062 INFO urbanaccess Added 1 records to gtfs_feed list:
2018-10-09 03:57:30,062 WARNING urbanaccess Note: Your use of a GTFS feed is governed by each GTFS feed author license terms. It is suggested you read the respective license terms for the appropriate use of a GTFS feed.
2018-10-09 03:57:30,062 WARNING urbanaccess Warning: The GTFSDataExchange is no longer being maintained as of Summer 2016. Data accessed here may be out of date.
2018-10-09 03:57:31,211 INFO urbanaccess Found 1 records that matched ['Marin Transit'] inside ['name', 'url', 'dataexchange_id', 'feed_baseurl'] columns:
2018-10-09 03:57:31,214 INFO urbanaccess Added 1 feeds to gtfs_feeds: {'Marin Transit': 'http://www.gtfs-data-exchange.com/agency/marin-transit/latest.zip'}
2018-10-09 03:57:31,215 INFO urbanaccess Added 1 records to gtfs_feed list:
2018-10-09 03:57:31,215 WARNING urbanaccess Note: Your use of a GTFS feed is governed by each GTFS feed author license terms. It is suggested you read the respective license terms for the appropriate use of a GTFS feed.
2018-10-09 03:57:31,215 WARNING urbanaccess Warning: The GTFSDataExchange is no longer being maintained as of Summer 2016. Data accessed here may be out of date.
2018-10-09 03:57:32,390 INFO urbanaccess Found 1 records that matched ['Sonoma County Transit'] inside ['name', 'url', 'dataexchange_id', 'feed_baseurl'] columns:
2018-10-09 03:57:32,393 INFO urbanaccess Added 1 feeds to gtfs_feeds: {'Sonoma County Transit': 'http://www.gtfs-data-exchange.com/agency/sonoma-county-transit/latest.zip'}
2018-10-09 03:57:32,393 INFO urbanaccess Added 1 records to gtfs_feed list:
2018-10-09 03:58:31,238 INFO urbanaccess Added 4 feeds to gtfs_feeds: {'VTA': 'https://transitfeeds.com/p/vta/45/latest/download', 'Emery Go-Round': 'https://transitfeeds.com/p/emery-go-round/769/latest/download', 'WestCAT': 'https://transitfeeds.com/p/westcat/682/latest/download', 'Petaluma Transit': 'https://transitfeeds.com/p/petaluma-transit-gtfs/675/latest/download'}
2018-10-09 03:58:36,067 INFO urbanaccess 18 GTFS feeds will be downloaded here: data/gtfsfeed_zips
2018-10-09 03:58:36,542 INFO urbanaccess ACE GTFS feed downloaded successfully. Took 0.47 seconds for 4,488.0KB
2018-10-09 03:58:38,069 INFO urbanaccess Sonoma County Transit GTFS feed downloaded successfully. Took 1.53 seconds for 728,755.0KB
2018-10-09 03:58:39,149 INFO urbanaccess Caltrain Shuttles GTFS feed downloaded successfully. Took 1.08 seconds for 68,198.0KB
2018-10-09 03:58:41,634 INFO urbanaccess Golden Gate Transit GTFS feed downloaded successfully. Took 2.49 seconds for 2,629,268.0KB
2018-10-09 03:58:44,957 INFO urbanaccess AC Transit GTFS feed downloaded successfully. Took 3.32 seconds for 5,269,792.0KB
2018-10-09 03:58:45,578 INFO urbanaccess WestCAT GTFS feed downloaded successfully. Took 0.62 seconds for 453,300.0KB
2018-10-09 03:58:46,861 INFO urbanaccess Marin Transit GTFS feed downloaded successfully. Took 1.28 seconds for 878,923.0KB
2018-10-09 03:58:47,374 INFO urbanaccess Emery Go-Round GTFS feed downloaded successfully. Took 0.51 seconds for 103,347.0KB
2018-10-09 03:58:48,885 INFO urbanaccess San Francisco Municipal Transportation Agency GTFS feed downloaded successfully. Took 1.51 seconds for 8,287,793.0KB
2018-10-09 03:58:49,941 INFO urbanaccess Caltrain Commuter Shuttle (call for pick-up) GTFS feed downloaded successfully. Took 1.06 seconds for 100,970.0KB
2018-10-09 03:58:51,704 INFO urbanaccess SolTrans GTFS feed downloaded successfully. Took 1.76 seconds for 466,379.0KB
2018-10-09 03:58:52,318 INFO urbanaccess Petaluma Transit GTFS feed downloaded successfully. Took 0.61 seconds for 120,112.0KB
2018-10-09 03:58:53,659 INFO urbanaccess County Connection GTFS feed downloaded successfully. Took 1.34 seconds for 1,254,388.0KB
2018-10-09 03:58:55,031 INFO urbanaccess SamTrans GTFS feed downloaded successfully. Took 1.37 seconds for 5,486,267.0KB
2018-10-09 03:58:55,894 INFO urbanaccess Caltrain GTFS feed downloaded successfully. Took 0.86 seconds for 101,937.0KB
2018-10-09 03:58:57,033 INFO urbanaccess Fairfield and Suisun Transit GTFS feed downloaded successfully. Took 1.14 seconds for 237,208.0KB
2018-10-09 03:58:57,832 INFO urbanaccess VTA GTFS feed downloaded successfully. Took 0.80 seconds for 4,109,295.0KB
2018-10-09 03:58:58,930 INFO urbanaccess Bay Area Rapid Transit GTFS feed downloaded successfully. Took 1.10 seconds for 343,657.0KB
2018-10-09 03:58:58,930 INFO urbanaccess GTFS feed download completed. Took 22.86 seconds
2018-10-09 03:58:58,975 INFO urbanaccess County Connection.zip successfully extracted to: data/gtfsfeed_text/County Connection
2018-10-09 03:58:58,978 INFO urbanaccess ACE.zip successfully extracted to: data/gtfsfeed_text/ACE
2018-10-09 03:58:58,990 INFO urbanaccess WestCAT.zip successfully extracted to: data/gtfsfeed_text/WestCAT
2018-10-09 03:58:59,145 INFO urbanaccess AC Transit.zip successfully extracted to: data/gtfsfeed_text/AC Transit
2018-10-09 03:58:59,162 INFO urbanaccess Sonoma County Transit.zip successfully extracted to: data/gtfsfeed_text/Sonoma County Transit
2018-10-09 03:58:59,181 INFO urbanaccess Marin Transit.zip successfully extracted to: data/gtfsfeed_text/Marin Transit
2018-10-09 03:58:59,194 INFO urbanaccess SolTrans.zip successfully extracted to: data/gtfsfeed_text/SolTrans
2018-10-09 03:58:59,199 INFO urbanaccess Emery Go-Round.zip successfully extracted to: data/gtfsfeed_text/Emery Go-Round
2018-10-09 03:58:59,206 INFO urbanaccess Fairfield and Suisun Transit.zip successfully extracted to: data/gtfsfeed_text/Fairfield and Suisun Transit
2018-10-09 03:58:59,381 INFO urbanaccess SamTrans.zip successfully extracted to: data/gtfsfeed_text/SamTrans
2018-10-09 03:58:59,473 INFO urbanaccess VTA.zip successfully extracted to: data/gtfsfeed_text/VTA
2018-10-09 03:58:59,530 INFO urbanaccess Golden Gate Transit.zip successfully extracted to: data/gtfsfeed_text/Golden Gate Transit
2018-10-09 03:58:59,534 INFO urbanaccess Caltrain Commuter Shuttle (call for pick-up).zip successfully extracted to: data/gtfsfeed_text/Caltrain Commuter Shuttle (call for pick-up)
2018-10-09 03:58:59,766 INFO urbanaccess San Francisco Municipal Transportation Agency.zip successfully extracted to: data/gtfsfeed_text/San Francisco Municipal Transportation Agency
2018-10-09 03:58:59,772 INFO urbanaccess Petaluma Transit.zip successfully extracted to: data/gtfsfeed_text/Petaluma Transit
2018-10-09 03:58:59,777 INFO urbanaccess Caltrain.zip successfully extracted to: data/gtfsfeed_text/Caltrain
2018-10-09 03:58:59,780 INFO urbanaccess Caltrain Shuttles.zip successfully extracted to: data/gtfsfeed_text/Caltrain Shuttles
2018-10-09 03:58:59,792 INFO urbanaccess Bay Area Rapid Transit.zip successfully extracted to: data/gtfsfeed_text/Bay Area Rapid Transit
2018-10-09 03:58:59,792 INFO urbanaccess GTFS feed zipfile extraction completed. Took 0.86 seconds for 18 files
2018-10-09 03:59:07,399 INFO urbanaccess GTFS text file encoding check completed. Took 0.09 seconds
2018-10-09 03:59:08,120 INFO urbanaccess GTFS text file header whitespace check completed. Took 0.72 seconds
2018-10-09 03:59:08,122 INFO urbanaccess --------------------------------
2018-10-09 03:59:08,122 INFO urbanaccess Processing GTFS feed: San Francisco Municipal Transportation Agency
2018-10-09 03:59:10,108 INFO urbanaccess The unique agency id: san_francisco_municipal_transportation_agency was generated using the name of the agency in the agency.txt file.
2018-10-09 03:59:10,159 INFO urbanaccess Unique agency id operation complete. Took 0.07 seconds
2018-10-09 03:59:10,182 INFO urbanaccess Unique GTFS feed id operation complete. Took 0.02 seconds
2018-10-09 03:59:10,187 WARNING urbanaccess WARNING: San Francisco Municipal Transportation Agency GTFS feed stops: 12 of 4,627 (0.26 percent of total) record(s) are outside the bounding box coordinates
2018-10-09 03:59:10,187 INFO urbanaccess Records: {}
2018-10-09 03:59:10,199 INFO urbanaccess    stop_id              stop_name stop_desc  stop_lat  stop_lon zone_id  \
59    1033  REFERENCE & REFERENCE               37.82    -12.24           
60    1034  REFERENCE & REFERENCE               37.82    -12.24           
61    1035  REFERENCE & REFERENCE               37.82    -12.24           
62    1036  REFERENCE & REFERENCE               37.82    -12.24           
63    1037  REFERENCE & REFERENCE               37.82    -12.24           
68    1042  REFERENCE & REFERENCE               37.82    -12.24           
70    1044  REFERENCE & REFERENCE               37.82    -12.24           
71    1045  REFERENCE & REFERENCE               37.82    -12.24           
72    1046  REFERENCE & REFERENCE               37.82    -12.24           
73    1047  REFERENCE & REFERENCE               37.82    -12.24           
79    1110  REFERENCE & REFERENCE               37.82    -12.24           
83    1124  REFERENCE & REFERENCE               37.82    -12.24           

   stop_url                               unique_agency_id  \
59           san_francisco_municipal_transportation_agency   
60           san_francisco_municipal_transportation_agency   
61           san_francisco_municipal_transportation_agency   
62           san_francisco_municipal_transportation_agency   
63           san_francisco_municipal_transportation_agency   
68           san_francisco_municipal_transportation_agency   
70           san_francisco_municipal_transportation_agency   
71           san_francisco_municipal_transportation_agency   
72           san_francisco_municipal_transportation_agency   
73           san_francisco_municipal_transportation_agency   
79           san_francisco_municipal_transportation_agency   
83           san_francisco_municipal_transportation_agency   

                                     unique_feed_id  
59  san_francisco_municipal_transportation_agency_1  
60  san_francisco_municipal_transportation_agency_1  
61  san_francisco_municipal_transportation_agency_1  
62  san_francisco_municipal_transportation_agency_1  
63  san_francisco_municipal_transportation_agency_1  
68  san_francisco_municipal_transportation_agency_1  
70  san_francisco_municipal_transportation_agency_1  
71  san_francisco_municipal_transportation_agency_1  
72  san_francisco_municipal_transportation_agency_1  
73  san_francisco_municipal_transportation_agency_1  
79  san_francisco_municipal_transportation_agency_1  
83  san_francisco_municipal_transportation_agency_1  
2018-10-09 03:59:10,201 INFO urbanaccess Removed identified stops that are outside of bounding box.
2018-10-09 03:59:10,202 INFO urbanaccess San Francisco Municipal Transportation Agency GTFS feed stops: coordinates are in northwest hemisphere. Latitude = North (90); Longitude = West (-90).
2018-10-09 03:59:12,041 INFO urbanaccess Appended route type to stops
2018-10-09 03:59:12,412 INFO urbanaccess Appended route type to stop_times
2018-10-09 03:59:13,140 INFO urbanaccess --------------------------------
2018-10-09 03:59:13,140 INFO urbanaccess --------------------------------
2018-10-09 03:59:13,140 INFO urbanaccess Processing GTFS feed: ACE
2018-10-09 03:59:50,481 INFO urbanaccess GTFS text file encoding check completed. Took 0.07 seconds
2018-10-09 03:59:51,246 INFO urbanaccess GTFS text file header whitespace check completed. Took 0.76 seconds
2018-10-09 03:59:51,249 INFO urbanaccess --------------------------------
2018-10-09 03:59:51,249 INFO urbanaccess Processing GTFS feed: San Francisco Municipal Transportation Agency
2018-10-09 03:59:53,056 INFO urbanaccess The unique agency id: san_francisco_municipal_transportation_agency was generated using the name of the agency in the agency.txt file.
2018-10-09 03:59:53,106 INFO urbanaccess Unique agency id operation complete. Took 0.07 seconds
2018-10-09 03:59:53,130 INFO urbanaccess Unique GTFS feed id operation complete. Took 0.02 seconds
2018-10-09 03:59:53,135 WARNING urbanaccess WARNING: San Francisco Municipal Transportation Agency GTFS feed stops: 12 of 4,627 (0.26 percent of total) record(s) are outside the bounding box coordinates
2018-10-09 03:59:53,136 INFO urbanaccess Removed identified stops that are outside of bounding box.
2018-10-09 03:59:53,137 INFO urbanaccess San Francisco Municipal Transportation Agency GTFS feed stops: coordinates are in northwest hemisphere. Latitude = North (90); Longitude = West (-90).
2018-10-09 03:59:54,985 INFO urbanaccess Appended route type to stops
2018-10-09 03:59:55,399 INFO urbanaccess Appended route type to stop_times
2018-10-09 03:59:56,163 INFO urbanaccess --------------------------------
2018-10-09 03:59:56,164 INFO urbanaccess --------------------------------
2018-10-09 03:59:56,165 INFO urbanaccess Processing GTFS feed: ACE
2018-10-09 04:02:12,333 WARNING urbanaccess Note: Your use of a GTFS feed is governed by each GTFS feed author license terms. It is suggested you read the respective license terms for the appropriate use of a GTFS feed.
2018-10-09 04:02:12,333 WARNING urbanaccess Warning: The GTFSDataExchange is no longer being maintained as of Summer 2016. Data accessed here may be out of date.
2018-10-09 04:02:13,407 WARNING urbanaccess Note: Your use of a GTFS feed is governed by each GTFS feed author license terms. It is suggested you read the respective license terms for the appropriate use of a GTFS feed.
2018-10-09 04:02:13,408 WARNING urbanaccess Warning: The GTFSDataExchange is no longer being maintained as of Summer 2016. Data accessed here may be out of date.
2018-10-09 04:02:14,466 WARNING urbanaccess Note: Your use of a GTFS feed is governed by each GTFS feed author license terms. It is suggested you read the respective license terms for the appropriate use of a GTFS feed.
2018-10-09 04:02:14,467 WARNING urbanaccess Warning: The GTFSDataExchange is no longer being maintained as of Summer 2016. Data accessed here may be out of date.
2018-10-09 04:02:15,894 WARNING urbanaccess Note: Your use of a GTFS feed is governed by each GTFS feed author license terms. It is suggested you read the respective license terms for the appropriate use of a GTFS feed.
2018-10-09 04:02:15,895 WARNING urbanaccess Warning: The GTFSDataExchange is no longer being maintained as of Summer 2016. Data accessed here may be out of date.
2018-10-09 04:02:16,995 WARNING urbanaccess Note: Your use of a GTFS feed is governed by each GTFS feed author license terms. It is suggested you read the respective license terms for the appropriate use of a GTFS feed.
2018-10-09 04:02:16,996 WARNING urbanaccess Warning: The GTFSDataExchange is no longer being maintained as of Summer 2016. Data accessed here may be out of date.
2018-10-09 04:02:18,032 WARNING urbanaccess Note: Your use of a GTFS feed is governed by each GTFS feed author license terms. It is suggested you read the respective license terms for the appropriate use of a GTFS feed.
2018-10-09 04:02:18,032 WARNING urbanaccess Warning: The GTFSDataExchange is no longer being maintained as of Summer 2016. Data accessed here may be out of date.
2018-10-09 04:02:19,080 WARNING urbanaccess Note: Your use of a GTFS feed is governed by each GTFS feed author license terms. It is suggested you read the respective license terms for the appropriate use of a GTFS feed.
2018-10-09 04:02:19,080 WARNING urbanaccess Warning: The GTFSDataExchange is no longer being maintained as of Summer 2016. Data accessed here may be out of date.
2018-10-09 04:02:19,974 WARNING urbanaccess Note: Your use of a GTFS feed is governed by each GTFS feed author license terms. It is suggested you read the respective license terms for the appropriate use of a GTFS feed.
2018-10-09 04:02:19,975 WARNING urbanaccess Warning: The GTFSDataExchange is no longer being maintained as of Summer 2016. Data accessed here may be out of date.
2018-10-09 04:02:21,201 WARNING urbanaccess Note: Your use of a GTFS feed is governed by each GTFS feed author license terms. It is suggested you read the respective license terms for the appropriate use of a GTFS feed.
2018-10-09 04:02:21,201 WARNING urbanaccess Warning: The GTFSDataExchange is no longer being maintained as of Summer 2016. Data accessed here may be out of date.
2018-10-09 04:02:22,276 WARNING urbanaccess Note: Your use of a GTFS feed is governed by each GTFS feed author license terms. It is suggested you read the respective license terms for the appropriate use of a GTFS feed.
2018-10-09 04:02:22,277 WARNING urbanaccess Warning: The GTFSDataExchange is no longer being maintained as of Summer 2016. Data accessed here may be out of date.
2018-10-09 04:02:23,342 WARNING urbanaccess Note: Your use of a GTFS feed is governed by each GTFS feed author license terms. It is suggested you read the respective license terms for the appropriate use of a GTFS feed.
2018-10-09 04:02:23,343 WARNING urbanaccess Warning: The GTFSDataExchange is no longer being maintained as of Summer 2016. Data accessed here may be out of date.
2018-10-09 04:02:47,347 WARNING urbanaccess WARNING: San Francisco Municipal Transportation Agency GTFS feed stops: 12 of 4,627 (0.26 percent of total) record(s) are outside the bounding box coordinates
2018-10-09 04:04:04,574 WARNING urbanaccess WARNING: San Francisco Municipal Transportation Agency GTFS feed stops: 12 of 4,627 (0.26 percent of total) record(s) are outside the bounding box coordinates
2018-10-09 04:08:14,387 WARNING urbanaccess WARNING: San Francisco Municipal Transportation Agency GTFS feed stops: 12 of 4,627 (0.26 percent of total) record(s) are outside the bounding box coordinates
2018-10-09 04:08:54,952 WARNING urbanaccess WARNING: Sonoma County Transit GTFS feed stops: 19 of 1,054 (1.80 percent of total) record(s) are outside the bounding box coordinates
2018-10-09 04:09:17,211 WARNING urbanaccess NOTE: If you expected more trips to have been extracted and your GTFS feed(s) have a calendar_dates file, consider utilizing the calendar_dates_lookup parameter in order to add additional trips based on information inside of calendar_dates. This should only be done if you know the corresponding GTFS feed is using calendar_dates instead of calendar to specify service_ids. When in doubt do not use the calendar_dates_lookup parameter.
2018-10-09 04:09:23,891 WARNING urbanaccess Note: Processing may take a long time depending on the number of records. Total unique trips to assess: 39,898
2018-10-09 04:09:38,771 WARNING urbanaccess WARNING: Number of records unable to interpolate: 322. These records have been removed.
